# do {cpu54_tb_compile.do}
# Model Technology ModelSim PE vmap 10.4c Lib Mapping Utility 2015.07 Jul 20 2015
# vmap xil_defaultlib msim/xil_defaultlib 
# Modifying modelsim.ini
# Model Technology ModelSim PE vmap 10.4c Lib Mapping Utility 2015.07 Jul 20 2015
# vmap dist_mem_gen_v8_0_10 msim/dist_mem_gen_v8_0_10 
# Modifying modelsim.ini
# ** Warning: (vlog-159) Mode option -64 is not supported in this context and will be ignored.
# 
# Model Technology ModelSim PE vlog 10.4c Compiler 2015.07 Jul 20 2015
# Start time: 16:52:36 on Jul 11,2023
# vlog -64 -incr -work xil_defaultlib ../../../CPU54.srcs/sources_1/new/complement.v ../../../CPU54.srcs/sources_1/new/multu.v ../../../CPU54.srcs/sources_1/new/divu.v 
# -- Compiling module complement32
# -- Compiling module complement64
# -- Compiling module multu
# -- Compiling module divu
# 
# Top level modules:
# 	complement32
# 	complement64
# 	multu
# 	divu
# End time: 16:52:36 on Jul 11,2023, Elapsed time: 0:00:00
# Errors: 0, Warnings: 1
# ** Warning: (vlog-159) Mode option -64 is not supported in this context and will be ignored.
# 
# Model Technology ModelSim PE vlog 10.4c Compiler 2015.07 Jul 20 2015
# Start time: 16:52:36 on Jul 11,2023
# vlog -64 -incr -work dist_mem_gen_v8_0_10 ../../../CPU54.ip_user_files/ipstatic/dist_mem_gen_v8_0_10/simulation/dist_mem_gen_v8_0.v 
# -- Compiling module dist_mem_gen_v8_0_10
# 
# Top level modules:
# 	dist_mem_gen_v8_0_10
# End time: 16:52:36 on Jul 11,2023, Elapsed time: 0:00:00
# Errors: 0, Warnings: 1
# ** Warning: (vlog-159) Mode option -64 is not supported in this context and will be ignored.
# 
# Model Technology ModelSim PE vlog 10.4c Compiler 2015.07 Jul 20 2015
# Start time: 16:52:36 on Jul 11,2023
# vlog -64 -incr -work xil_defaultlib ../../../CPU54.srcs/sources_1/ip/imem_ip/sim/imem_ip.v ../../../CPU54.srcs/sources_1/new/regfile.v ../../../CPU54.srcs/sources_1/new/mult.v ../../../CPU54.srcs/sources_1/new/hilo.v ../../../CPU54.srcs/sources_1/new/div.v ../../../CPU54.srcs/sources_1/new/cp0.v ../../../CPU54.srcs/sources_1/new/clz.v ../../../CPU54.srcs/sources_1/new/alu.v ../../../CPU54.srcs/sources_1/new/imem.v ../../../CPU54.srcs/sources_1/new/dmem.v ../../../CPU54.srcs/sources_1/new/cpu54.v ../../../CPU54.srcs/sources_1/new/sccomp_dataflow.v ../../../CPU54.srcs/sources_1/new/cpu54_tb.v 
# -- Compiling module imem_ip
# -- Compiling module regfile
# -- Compiling module mult
# -- Compiling module hilo
# -- Compiling module div
# -- Compiling module cp0
# -- Compiling module clz
# -- Compiling module alu
# -- Compiling module imem
# -- Compiling module dmem
# -- Compiling module cpu54
# -- Compiling module sccomp_dataflow
# -- Compiling module cpu54_tb
# 
# Top level modules:
# 	cpu54_tb
# End time: 16:52:36 on Jul 11,2023, Elapsed time: 0:00:00
# Errors: 0, Warnings: 1
# Model Technology ModelSim PE vlog 10.4c Compiler 2015.07 Jul 20 2015
# Start time: 16:52:36 on Jul 11,2023
# vlog -work xil_defaultlib glbl.v 
# -- Compiling module glbl
# 
# Top level modules:
# 	glbl
# End time: 16:52:36 on Jul 11,2023, Elapsed time: 0:00:00
# Errors: 0, Warnings: 0
